Unable to capture context for thread 13340 in process 9612, can not generate back trace
Unable to capture context for thread 2580 in process 9612, can not generate back trace
Unable to capture context for thread 12536 in process 9612, can not generate back trace
Exception at PC 0x00007FF99968BB93
Printing stacktrace...

[0]  [0x00007FF99968BB93]
[1]  [0x00007FF99968BB93]
[2]  [0x00007FF99968B4A1]
[3]  [0x00007FF99968B3EF]
[4]  [0x00007FF9996719FE]
[5]  [0x00007FF999670ED1]
[6]  [0x00007FF999670D76]
[7]  [0x00007FF9996179F6]
[8]  [0x00007FF999607AFB]
[9]  [0x00007FF99972E90A]
[10]  [0x00007FF999749F87]
[11]  [0x00007FF99974A05F]
[12] (BaseThreadInitThunk+0x14) [0x00007FF9D50B7034]
[13] (RtlUserThreadStart+0x21) [0x00007FF9D5EA2651]
Done
Exception at PC 0x00007FF999391A52
Attemped to write at address 0x00007FF99215ABA4
Printing stacktrace...

[0]  [0x00007FF999391A52]
[1]  [0x00007FF999391A52]
[2]  [0x00007FF999391AD4]
[3]  [0x00007FF9994D3FF7]
[4]  [0x00007FF9993B9128]
[5]  [0x00007FF99966DFB9]
[6]  [0x00007FF99983EF23]
[7]  [0x00007FF99974B06B]
[8]  [0x00007FF9997408AF]
[9]  [0x00007FF999740A32]
[10] (RtlActivateActivationContextUnsafeFast+0x11d) [0x00007FF9D5E69A1D]
[11] (LdrShutdownProcess+0x141) [0x00007FF9D5EADB91]
[12] (RtlExitUserProcess+0xad) [0x00007FF9D5EADA2D]
[13] (FatalExit+0xb) [0x00007FF9D50BE0AB]
[14] (exit+0x85) [0x00007FF9D470A155]
[15] (initterm_e+0x245) [0x00007FF9D470A7C5]
[16]  [0x00000000004014CD]
[17]  [0x000000000040151B]
[18] (BaseThreadInitThunk+0x14) [0x00007FF9D50B7034]
[19] (RtlUserThreadStart+0x21) [0x00007FF9D5EA2651]
Done
