
*** Running vivado
    with args -log c_counter_binary_0.vds -m64 -product Vivado -mode batch -messageDb vivado.pb -notrace -source c_counter_binary_0.tcl


****** Vivado v2017.2 (64-bit)
  **** SW Build 1909853 on Thu Jun 15 18:39:09 MDT 2017
  **** IP Build 1909766 on Thu Jun 15 19:58:00 MDT 2017
    ** Copyright 1986-2017 Xilinx, Inc. All Rights Reserved.

source c_counter_binary_0.tcl -notrace
Starting RTL Elaboration : Time (s): cpu = 00:00:04 ; elapsed = 00:00:04 . Memory (MB): peak = 308.633 ; gain = 80.305
INFO: [Synth 8-638] synthesizing module 'c_counter_binary_0' [c:/Users/dodec/Desktop/UPM/Cuarto/DSED/DSED-Group12/proyecto_DSED/proyecto_DSED.srcs/sources_1/ip/c_counter_binary_0/synth/c_counter_binary_0.vhd:69]
INFO: [Synth 8-256] done synthesizing module 'c_counter_binary_0' (8#1) [c:/Users/dodec/Desktop/UPM/Cuarto/DSED/DSED-Group12/proyecto_DSED/proyecto_DSED.srcs/sources_1/ip/c_counter_binary_0/synth/c_counter_binary_0.vhd:69]
Finished RTL Elaboration : Time (s): cpu = 00:00:05 ; elapsed = 00:00:05 . Memory (MB): peak = 354.547 ; gain = 126.219
Finished RTL Optimization Phase 1 : Time (s): cpu = 00:00:05 ; elapsed = 00:00:06 . Memory (MB): peak = 354.547 ; gain = 126.219
INFO: [Device 21-403] Loading part xc7a100tcsg324-1
Constraint Validation Runtime : Time (s): cpu = 00:00:00 ; elapsed = 00:00:00.013 . Memory (MB): peak = 619.250 ; gain = 0.000
Finished Constraint Validation : Time (s): cpu = 00:00:13 ; elapsed = 00:00:14 . Memory (MB): peak = 619.250 ; gain = 390.922
Finished Loading Part and Timing Information : Time (s): cpu = 00:00:13 ; elapsed = 00:00:14 . Memory (MB): peak = 619.250 ; gain = 390.922
Finished applying 'set_property' XDC Constraints : Time (s): cpu = 00:00:13 ; elapsed = 00:00:14 . Memory (MB): peak = 619.250 ; gain = 390.922
Finished RTL Optimization Phase 2 : Time (s): cpu = 00:00:13 ; elapsed = 00:00:14 . Memory (MB): peak = 619.250 ; gain = 390.922
Finished Cross Boundary and Area Optimization : Time (s): cpu = 00:00:14 ; elapsed = 00:00:14 . Memory (MB): peak = 619.250 ; gain = 390.922
Finished Applying XDC Timing Constraints : Time (s): cpu = 00:00:23 ; elapsed = 00:00:23 . Memory (MB): peak = 619.250 ; gain = 390.922
Finished Timing Optimization : Time (s): cpu = 00:00:23 ; elapsed = 00:00:23 . Memory (MB): peak = 619.250 ; gain = 390.922
Finished Technology Mapping : Time (s): cpu = 00:00:23 ; elapsed = 00:00:23 . Memory (MB): peak = 634.223 ; gain = 405.895
Finished IO Insertion : Time (s): cpu = 00:00:23 ; elapsed = 00:00:24 . Memory (MB): peak = 634.223 ; gain = 405.895
Finished Renaming Generated Instances : Time (s): cpu = 00:00:23 ; elapsed = 00:00:24 . Memory (MB): peak = 634.223 ; gain = 405.895
Finished Rebuilding User Hierarchy : Time (s): cpu = 00:00:23 ; elapsed = 00:00:24 . Memory (MB): peak = 634.223 ; gain = 405.895
Finished Renaming Generated Ports : Time (s): cpu = 00:00:23 ; elapsed = 00:00:24 . Memory (MB): peak = 634.223 ; gain = 405.895
Finished Handling Custom Attributes : Time (s): cpu = 00:00:23 ; elapsed = 00:00:24 . Memory (MB): peak = 634.223 ; gain = 405.895
Finished Renaming Generated Nets : Time (s): cpu = 00:00:23 ; elapsed = 00:00:24 . Memory (MB): peak = 634.223 ; gain = 405.895

Report Cell Usage: 
+------+------+------+
|      |Cell  |Count |
+------+------+------+
|1     |LUT1  |     1|
|2     |LUT2  |     1|
|3     |LUT4  |     1|
|4     |LUT6  |     1|
|5     |MUXCY |     3|
|6     |XORCY |     4|
|7     |FDRE  |     5|
+------+------+------+
Finished Writing Synthesis Report : Time (s): cpu = 00:00:23 ; elapsed = 00:00:24 . Memory (MB): peak = 634.223 ; gain = 405.895
synth_design: Time (s): cpu = 00:00:24 ; elapsed = 00:00:26 . Memory (MB): peak = 638.605 ; gain = 411.906
